/home/ubuntu/metric_ws/install/metric_pkg/lib/python3.12/site-packages/metric_pkg/poses_generator_new.py
/home/ubuntu/metric_ws/install/metric_pkg/lib/python3.12/site-packages/metric_pkg/new.py
/home/ubuntu/metric_ws/install/metric_pkg/lib/python3.12/site-packages/metric_pkg/poses_generate_6dof.py
/home/ubuntu/metric_ws/install/metric_pkg/lib/python3.12/site-packages/metric_pkg/time_analysis.py
/home/ubuntu/metric_ws/install/metric_pkg/lib/python3.12/site-packages/metric_pkg/pose_limits.py
/home/ubuntu/metric_ws/install/metric_pkg/lib/python3.12/site-packages/metric_pkg/pose_generator_5dof.py
/home/ubuntu/metric_ws/install/metric_pkg/lib/python3.12/site-packages/metric_pkg/joint.py
/home/ubuntu/metric_ws/install/metric_pkg/lib/python3.12/site-packages/metric_pkg/workspace.py
/home/ubuntu/metric_ws/install/metric_pkg/lib/python3.12/site-packages/metric_pkg/demo2.py
/home/ubuntu/metric_ws/install/metric_pkg/lib/python3.12/site-packages/metric_pkg/node.py
/home/ubuntu/metric_ws/install/metric_pkg/lib/python3.12/site-packages/metric_pkg/results.py
/home/ubuntu/metric_ws/install/metric_pkg/lib/python3.12/site-packages/metric_pkg/pose.py
/home/ubuntu/metric_ws/install/metric_pkg/lib/python3.12/site-packages/metric_pkg/metrics.py
/home/ubuntu/metric_ws/install/metric_pkg/lib/python3.12/site-packages/metric_pkg/__init__.py
/home/ubuntu/metric_ws/install/metric_pkg/lib/python3.12/site-packages/metric_pkg/pose_generator_6dof.py
/home/ubuntu/metric_ws/install/metric_pkg/lib/python3.12/site-packages/metric_pkg/scene.py
/home/ubuntu/metric_ws/install/metric_pkg/lib/python3.12/site-packages/metric_pkg/metrics_for_efficiency.py
/home/ubuntu/metric_ws/install/metric_pkg/lib/python3.12/site-packages/metric_pkg/analyze.py
/home/ubuntu/metric_ws/install/metric_pkg/lib/python3.12/site-packages/metric_pkg/__pycache__/poses_generator_new.cpython-312.pyc
/home/ubuntu/metric_ws/install/metric_pkg/lib/python3.12/site-packages/metric_pkg/__pycache__/new.cpython-312.pyc
/home/ubuntu/metric_ws/install/metric_pkg/lib/python3.12/site-packages/metric_pkg/__pycache__/poses_generate_6dof.cpython-312.pyc
/home/ubuntu/metric_ws/install/metric_pkg/lib/python3.12/site-packages/metric_pkg/__pycache__/time_analysis.cpython-312.pyc
/home/ubuntu/metric_ws/install/metric_pkg/lib/python3.12/site-packages/metric_pkg/__pycache__/pose_limits.cpython-312.pyc
/home/ubuntu/metric_ws/install/metric_pkg/lib/python3.12/site-packages/metric_pkg/__pycache__/pose_generator_5dof.cpython-312.pyc
/home/ubuntu/metric_ws/install/metric_pkg/lib/python3.12/site-packages/metric_pkg/__pycache__/joint.cpython-312.pyc
/home/ubuntu/metric_ws/install/metric_pkg/lib/python3.12/site-packages/metric_pkg/__pycache__/workspace.cpython-312.pyc
/home/ubuntu/metric_ws/install/metric_pkg/lib/python3.12/site-packages/metric_pkg/__pycache__/demo2.cpython-312.pyc
/home/ubuntu/metric_ws/install/metric_pkg/lib/python3.12/site-packages/metric_pkg/__pycache__/node.cpython-312.pyc
/home/ubuntu/metric_ws/install/metric_pkg/lib/python3.12/site-packages/metric_pkg/__pycache__/results.cpython-312.pyc
/home/ubuntu/metric_ws/install/metric_pkg/lib/python3.12/site-packages/metric_pkg/__pycache__/pose.cpython-312.pyc
/home/ubuntu/metric_ws/install/metric_pkg/lib/python3.12/site-packages/metric_pkg/__pycache__/metrics.cpython-312.pyc
/home/ubuntu/metric_ws/install/metric_pkg/lib/python3.12/site-packages/metric_pkg/__pycache__/__init__.cpython-312.pyc
/home/ubuntu/metric_ws/install/metric_pkg/lib/python3.12/site-packages/metric_pkg/__pycache__/pose_generator_6dof.cpython-312.pyc
/home/ubuntu/metric_ws/install/metric_pkg/lib/python3.12/site-packages/metric_pkg/__pycache__/scene.cpython-312.pyc
/home/ubuntu/metric_ws/install/metric_pkg/lib/python3.12/site-packages/metric_pkg/__pycache__/metrics_for_efficiency.cpython-312.pyc
/home/ubuntu/metric_ws/install/metric_pkg/lib/python3.12/site-packages/metric_pkg/__pycache__/analyze.cpython-312.pyc
/home/ubuntu/metric_ws/install/metric_pkg/share/ament_index/resource_index/packages/metric_pkg
/home/ubuntu/metric_ws/install/metric_pkg/share/metric_pkg/package.xml
/home/ubuntu/metric_ws/install/metric_pkg/share/metric_pkg/config/tasks.yaml
/home/ubuntu/metric_ws/install/metric_pkg/lib/python3.12/site-packages/metric_pkg-0.0.0-py3.12.egg-info/PKG-INFO
/home/ubuntu/metric_ws/install/metric_pkg/lib/python3.12/site-packages/metric_pkg-0.0.0-py3.12.egg-info/top_level.txt
/home/ubuntu/metric_ws/install/metric_pkg/lib/python3.12/site-packages/metric_pkg-0.0.0-py3.12.egg-info/dependency_links.txt
/home/ubuntu/metric_ws/install/metric_pkg/lib/python3.12/site-packages/metric_pkg-0.0.0-py3.12.egg-info/requires.txt
/home/ubuntu/metric_ws/install/metric_pkg/lib/python3.12/site-packages/metric_pkg-0.0.0-py3.12.egg-info/SOURCES.txt
/home/ubuntu/metric_ws/install/metric_pkg/lib/python3.12/site-packages/metric_pkg-0.0.0-py3.12.egg-info/zip-safe
/home/ubuntu/metric_ws/install/metric_pkg/lib/python3.12/site-packages/metric_pkg-0.0.0-py3.12.egg-info/entry_points.txt
/home/ubuntu/metric_ws/install/metric_pkg/lib/metric_pkg/analyze_script
/home/ubuntu/metric_ws/install/metric_pkg/lib/metric_pkg/benchmark_node
/home/ubuntu/metric_ws/install/metric_pkg/lib/metric_pkg/demo2
/home/ubuntu/metric_ws/install/metric_pkg/lib/metric_pkg/efficiency
/home/ubuntu/metric_ws/install/metric_pkg/lib/metric_pkg/joint_space
/home/ubuntu/metric_ws/install/metric_pkg/lib/metric_pkg/new
/home/ubuntu/metric_ws/install/metric_pkg/lib/metric_pkg/pose_constraint
/home/ubuntu/metric_ws/install/metric_pkg/lib/metric_pkg/pose_generator
/home/ubuntu/metric_ws/install/metric_pkg/lib/metric_pkg/pose_generator_5dof
/home/ubuntu/metric_ws/install/metric_pkg/lib/metric_pkg/pose_generator_new
/home/ubuntu/metric_ws/install/metric_pkg/lib/metric_pkg/pose_limits
/home/ubuntu/metric_ws/install/metric_pkg/lib/metric_pkg/pose_modified
/home/ubuntu/metric_ws/install/metric_pkg/lib/metric_pkg/poses
/home/ubuntu/metric_ws/install/metric_pkg/lib/metric_pkg/results
/home/ubuntu/metric_ws/install/metric_pkg/lib/metric_pkg/scene_builder
