running egg_info
creating ../../build/metric_pkg/metric_pkg.egg-info
writing ../../build/metric_pkg/metric_pkg.egg-info/PKG-INFO
writing dependency_links to ../../build/metric_pkg/metric_pkg.egg-info/dependency_links.txt
writing entry points to ../../build/metric_pkg/metric_pkg.egg-info/entry_points.txt
writing requirements to ../../build/metric_pkg/metric_pkg.egg-info/requires.txt
writing top-level names to ../../build/metric_pkg/metric_pkg.egg-info/top_level.txt
writing manifest file '../../build/metric_pkg/metric_pkg.egg-info/SOURCES.txt'
reading manifest file '../../build/metric_pkg/metric_pkg.egg-info/SOURCES.txt'
adding license file 'LICENSE'
writing manifest file '../../build/metric_pkg/metric_pkg.egg-info/SOURCES.txt'
running build
running build_py
creating /home/ubuntu/metric_ws/build/metric_pkg/build
creating /home/ubuntu/metric_ws/build/metric_pkg/build/lib
creating /home/ubuntu/metric_ws/build/metric_pkg/build/lib/metric_pkg
copying metric_pkg/poses_generator_new.py -> /home/ubuntu/metric_ws/build/metric_pkg/build/lib/metric_pkg
copying metric_pkg/new.py -> /home/ubuntu/metric_ws/build/metric_pkg/build/lib/metric_pkg
copying metric_pkg/poses_generate_6dof.py -> /home/ubuntu/metric_ws/build/metric_pkg/build/lib/metric_pkg
copying metric_pkg/time_analysis.py -> /home/ubuntu/metric_ws/build/metric_pkg/build/lib/metric_pkg
copying metric_pkg/pose_limits.py -> /home/ubuntu/metric_ws/build/metric_pkg/build/lib/metric_pkg
copying metric_pkg/pose_generator_5dof.py -> /home/ubuntu/metric_ws/build/metric_pkg/build/lib/metric_pkg
copying metric_pkg/joint.py -> /home/ubuntu/metric_ws/build/metric_pkg/build/lib/metric_pkg
copying metric_pkg/workspace.py -> /home/ubuntu/metric_ws/build/metric_pkg/build/lib/metric_pkg
copying metric_pkg/demo2.py -> /home/ubuntu/metric_ws/build/metric_pkg/build/lib/metric_pkg
copying metric_pkg/node.py -> /home/ubuntu/metric_ws/build/metric_pkg/build/lib/metric_pkg
copying metric_pkg/results.py -> /home/ubuntu/metric_ws/build/metric_pkg/build/lib/metric_pkg
copying metric_pkg/pose.py -> /home/ubuntu/metric_ws/build/metric_pkg/build/lib/metric_pkg
copying metric_pkg/metrics.py -> /home/ubuntu/metric_ws/build/metric_pkg/build/lib/metric_pkg
copying metric_pkg/__init__.py -> /home/ubuntu/metric_ws/build/metric_pkg/build/lib/metric_pkg
copying metric_pkg/pose_generator_6dof.py -> /home/ubuntu/metric_ws/build/metric_pkg/build/lib/metric_pkg
copying metric_pkg/scene.py -> /home/ubuntu/metric_ws/build/metric_pkg/build/lib/metric_pkg
copying metric_pkg/metrics_for_efficiency.py -> /home/ubuntu/metric_ws/build/metric_pkg/build/lib/metric_pkg
copying metric_pkg/analyze.py -> /home/ubuntu/metric_ws/build/metric_pkg/build/lib/metric_pkg
running install
running install_lib
creating /home/ubuntu/metric_ws/install/metric_pkg/lib/python3.12/site-packages/metric_pkg
copying /home/ubuntu/metric_ws/build/metric_pkg/build/lib/metric_pkg/poses_generator_new.py -> /home/ubuntu/metric_ws/install/metric_pkg/lib/python3.12/site-packages/metric_pkg
copying /home/ubuntu/metric_ws/build/metric_pkg/build/lib/metric_pkg/new.py -> /home/ubuntu/metric_ws/install/metric_pkg/lib/python3.12/site-packages/metric_pkg
copying /home/ubuntu/metric_ws/build/metric_pkg/build/lib/metric_pkg/poses_generate_6dof.py -> /home/ubuntu/metric_ws/install/metric_pkg/lib/python3.12/site-packages/metric_pkg
copying /home/ubuntu/metric_ws/build/metric_pkg/build/lib/metric_pkg/time_analysis.py -> /home/ubuntu/metric_ws/install/metric_pkg/lib/python3.12/site-packages/metric_pkg
copying /home/ubuntu/metric_ws/build/metric_pkg/build/lib/metric_pkg/pose_limits.py -> /home/ubuntu/metric_ws/install/metric_pkg/lib/python3.12/site-packages/metric_pkg
copying /home/ubuntu/metric_ws/build/metric_pkg/build/lib/metric_pkg/pose_generator_5dof.py -> /home/ubuntu/metric_ws/install/metric_pkg/lib/python3.12/site-packages/metric_pkg
copying /home/ubuntu/metric_ws/build/metric_pkg/build/lib/metric_pkg/joint.py -> /home/ubuntu/metric_ws/install/metric_pkg/lib/python3.12/site-packages/metric_pkg
copying /home/ubuntu/metric_ws/build/metric_pkg/build/lib/metric_pkg/workspace.py -> /home/ubuntu/metric_ws/install/metric_pkg/lib/python3.12/site-packages/metric_pkg
copying /home/ubuntu/metric_ws/build/metric_pkg/build/lib/metric_pkg/demo2.py -> /home/ubuntu/metric_ws/install/metric_pkg/lib/python3.12/site-packages/metric_pkg
copying /home/ubuntu/metric_ws/build/metric_pkg/build/lib/metric_pkg/node.py -> /home/ubuntu/metric_ws/install/metric_pkg/lib/python3.12/site-packages/metric_pkg
copying /home/ubuntu/metric_ws/build/metric_pkg/build/lib/metric_pkg/results.py -> /home/ubuntu/metric_ws/install/metric_pkg/lib/python3.12/site-packages/metric_pkg
copying /home/ubuntu/metric_ws/build/metric_pkg/build/lib/metric_pkg/pose.py -> /home/ubuntu/metric_ws/install/metric_pkg/lib/python3.12/site-packages/metric_pkg
copying /home/ubuntu/metric_ws/build/metric_pkg/build/lib/metric_pkg/metrics.py -> /home/ubuntu/metric_ws/install/metric_pkg/lib/python3.12/site-packages/metric_pkg
copying /home/ubuntu/metric_ws/build/metric_pkg/build/lib/metric_pkg/__init__.py -> /home/ubuntu/metric_ws/install/metric_pkg/lib/python3.12/site-packages/metric_pkg
copying /home/ubuntu/metric_ws/build/metric_pkg/build/lib/metric_pkg/pose_generator_6dof.py -> /home/ubuntu/metric_ws/install/metric_pkg/lib/python3.12/site-packages/metric_pkg
copying /home/ubuntu/metric_ws/build/metric_pkg/build/lib/metric_pkg/scene.py -> /home/ubuntu/metric_ws/install/metric_pkg/lib/python3.12/site-packages/metric_pkg
copying /home/ubuntu/metric_ws/build/metric_pkg/build/lib/metric_pkg/metrics_for_efficiency.py -> /home/ubuntu/metric_ws/install/metric_pkg/lib/python3.12/site-packages/metric_pkg
copying /home/ubuntu/metric_ws/build/metric_pkg/build/lib/metric_pkg/analyze.py -> /home/ubuntu/metric_ws/install/metric_pkg/lib/python3.12/site-packages/metric_pkg
byte-compiling /home/ubuntu/metric_ws/install/metric_pkg/lib/python3.12/site-packages/metric_pkg/poses_generator_new.py to poses_generator_new.cpython-312.pyc
byte-compiling /home/ubuntu/metric_ws/install/metric_pkg/lib/python3.12/site-packages/metric_pkg/new.py to new.cpython-312.pyc
byte-compiling /home/ubuntu/metric_ws/install/metric_pkg/lib/python3.12/site-packages/metric_pkg/poses_generate_6dof.py to poses_generate_6dof.cpython-312.pyc
byte-compiling /home/ubuntu/metric_ws/install/metric_pkg/lib/python3.12/site-packages/metric_pkg/time_analysis.py to time_analysis.cpython-312.pyc
byte-compiling /home/ubuntu/metric_ws/install/metric_pkg/lib/python3.12/site-packages/metric_pkg/pose_limits.py to pose_limits.cpython-312.pyc
byte-compiling /home/ubuntu/metric_ws/install/metric_pkg/lib/python3.12/site-packages/metric_pkg/pose_generator_5dof.py to pose_generator_5dof.cpython-312.pyc
byte-compiling /home/ubuntu/metric_ws/install/metric_pkg/lib/python3.12/site-packages/metric_pkg/joint.py to joint.cpython-312.pyc
byte-compiling /home/ubuntu/metric_ws/install/metric_pkg/lib/python3.12/site-packages/metric_pkg/workspace.py to workspace.cpython-312.pyc
byte-compiling /home/ubuntu/metric_ws/install/metric_pkg/lib/python3.12/site-packages/metric_pkg/demo2.py to demo2.cpython-312.pyc
byte-compiling /home/ubuntu/metric_ws/install/metric_pkg/lib/python3.12/site-packages/metric_pkg/node.py to node.cpython-312.pyc
byte-compiling /home/ubuntu/metric_ws/install/metric_pkg/lib/python3.12/site-packages/metric_pkg/results.py to results.cpython-312.pyc
byte-compiling /home/ubuntu/metric_ws/install/metric_pkg/lib/python3.12/site-packages/metric_pkg/pose.py to pose.cpython-312.pyc
byte-compiling /home/ubuntu/metric_ws/install/metric_pkg/lib/python3.12/site-packages/metric_pkg/metrics.py to metrics.cpython-312.pyc
byte-compiling /home/ubuntu/metric_ws/install/metric_pkg/lib/python3.12/site-packages/metric_pkg/__init__.py to __init__.cpython-312.pyc
byte-compiling /home/ubuntu/metric_ws/install/metric_pkg/lib/python3.12/site-packages/metric_pkg/pose_generator_6dof.py to pose_generator_6dof.cpython-312.pyc
byte-compiling /home/ubuntu/metric_ws/install/metric_pkg/lib/python3.12/site-packages/metric_pkg/scene.py to scene.cpython-312.pyc
byte-compiling /home/ubuntu/metric_ws/install/metric_pkg/lib/python3.12/site-packages/metric_pkg/metrics_for_efficiency.py to metrics_for_efficiency.cpython-312.pyc
byte-compiling /home/ubuntu/metric_ws/install/metric_pkg/lib/python3.12/site-packages/metric_pkg/analyze.py to analyze.cpython-312.pyc
running install_data
creating /home/ubuntu/metric_ws/install/metric_pkg/share/ament_index
creating /home/ubuntu/metric_ws/install/metric_pkg/share/ament_index/resource_index
creating /home/ubuntu/metric_ws/install/metric_pkg/share/ament_index/resource_index/packages
copying resource/metric_pkg -> /home/ubuntu/metric_ws/install/metric_pkg/share/ament_index/resource_index/packages
copying package.xml -> /home/ubuntu/metric_ws/install/metric_pkg/share/metric_pkg
creating /home/ubuntu/metric_ws/install/metric_pkg/share/metric_pkg/config
copying config/tasks.yaml -> /home/ubuntu/metric_ws/install/metric_pkg/share/metric_pkg/config
running install_egg_info
Copying ../../build/metric_pkg/metric_pkg.egg-info to /home/ubuntu/metric_ws/install/metric_pkg/lib/python3.12/site-packages/metric_pkg-0.0.0-py3.12.egg-info
running install_scripts
Installing analyze_script script to /home/ubuntu/metric_ws/install/metric_pkg/lib/metric_pkg
Installing benchmark_node script to /home/ubuntu/metric_ws/install/metric_pkg/lib/metric_pkg
Installing demo2 script to /home/ubuntu/metric_ws/install/metric_pkg/lib/metric_pkg
Installing efficiency script to /home/ubuntu/metric_ws/install/metric_pkg/lib/metric_pkg
Installing joint_space script to /home/ubuntu/metric_ws/install/metric_pkg/lib/metric_pkg
Installing new script to /home/ubuntu/metric_ws/install/metric_pkg/lib/metric_pkg
Installing pose_constraint script to /home/ubuntu/metric_ws/install/metric_pkg/lib/metric_pkg
Installing pose_generator script to /home/ubuntu/metric_ws/install/metric_pkg/lib/metric_pkg
Installing pose_generator_5dof script to /home/ubuntu/metric_ws/install/metric_pkg/lib/metric_pkg
Installing pose_generator_new script to /home/ubuntu/metric_ws/install/metric_pkg/lib/metric_pkg
Installing pose_limits script to /home/ubuntu/metric_ws/install/metric_pkg/lib/metric_pkg
Installing pose_modified script to /home/ubuntu/metric_ws/install/metric_pkg/lib/metric_pkg
Installing poses script to /home/ubuntu/metric_ws/install/metric_pkg/lib/metric_pkg
Installing results script to /home/ubuntu/metric_ws/install/metric_pkg/lib/metric_pkg
Installing scene_builder script to /home/ubuntu/metric_ws/install/metric_pkg/lib/metric_pkg
writing list of installed files to '/home/ubuntu/metric_ws/build/metric_pkg/install.log'
