-- The C compiler identification is GNU 13.3.0
-- The CXX compiler identification is GNU 13.3.0
-- Detecting C compiler ABI info
-- Detecting C compiler ABI info - done
-- Check for working C compiler: /usr/bin/cc - skipped
-- Detecting C compile features
-- Detecting C compile features - done
-- Detecting CXX compiler ABI info
-- Detecting CXX compiler ABI info - done
-- Check for working CXX compiler: /usr/bin/c++ - skipped
-- Detecting CXX compile features
-- Detecting CXX compile features - done
-- Found ament_cmake: 2.5.5 (/opt/ros/jazzy/share/ament_cmake/cmake)
-- Found Python3: /usr/bin/python3 (found version "3.12.3") found components: Interpreter 
-- Found rclcpp: 28.1.16 (/opt/ros/jazzy/share/rclcpp/cmake)
-- Found rosidl_generator_c: 4.6.7 (/opt/ros/jazzy/share/rosidl_generator_c/cmake)
-- Found rosidl_generator_cpp: 4.6.7 (/opt/ros/jazzy/share/rosidl_generator_cpp/cmake)
-- Using all available rosidl_typesupport_c: rosidl_typesupport_fastrtps_c;rosidl_typesupport_introspection_c
-- Using all available rosidl_typesupport_cpp: rosidl_typesupport_fastrtps_cpp;rosidl_typesupport_introspection_cpp
-- Found rmw_implementation_cmake: 7.3.3 (/opt/ros/jazzy/share/rmw_implementation_cmake/cmake)
-- Found rmw_fastrtps_cpp: 8.4.3 (/opt/ros/jazzy/share/rmw_fastrtps_cpp/cmake)
-- Found OpenSSL: /usr/lib/x86_64-linux-gnu/libcrypto.so (found version "3.0.13")  
-- Found FastRTPS: /opt/ros/jazzy/include (Required is at least version "2.13") 
-- Using RMW implementation 'rmw_fastrtps_cpp' as default
-- Found tf2: 0.36.19 (/opt/ros/jazzy/share/tf2/cmake)
-- Found tf2_ros: 0.36.19 (/opt/ros/jazzy/share/tf2_ros/cmake)
-- Found tf2_geometry_msgs: 0.36.19 (/opt/ros/jazzy/share/tf2_geometry_msgs/cmake)
-- Found eigen3_cmake_module: 0.3.0 (/opt/ros/jazzy/share/eigen3_cmake_module/cmake)
-- Found Eigen3: TRUE (found version "3.4.0") 
-- Ensuring Eigen3 include directory is part of orocos-kdl CMake target
-- Found moveit_ros_warehouse: 2.12.4 (/opt/ros/jazzy/share/moveit_ros_warehouse/cmake)
-- Found Boost: /usr/lib/x86_64-linux-gnu/cmake/Boost-1.83.0/BoostConfig.cmake (found version "1.83.0") found components: thread system filesystem regex date_time program_options 
-- Found Boost: /usr/lib/x86_64-linux-gnu/cmake/Boost-1.83.0/BoostConfig.cmake (found version "1.83.0") found components: chrono date_time filesystem iostreams program_options regex serialization system thread 
-- Found parameter_traits: 0.6.0 (/opt/ros/jazzy/share/parameter_traits/cmake)
-- Found rclcpp_lifecycle: 28.1.16 (/opt/ros/jazzy/share/rclcpp_lifecycle/cmake)
-- Found Boost: /usr/lib/x86_64-linux-gnu/cmake/Boost-1.83.0/BoostConfig.cmake (found version "1.83.0") found components: filesystem 
-- Found Boost: /usr/lib/x86_64-linux-gnu/cmake/Boost-1.83.0/BoostConfig.cmake (found version "1.83.0") found components: system filesystem date_time program_options thread chrono 
-- Found PkgConfig: /usr/bin/pkg-config (found version "1.8.1") 
-- Checking for module 'libutf8proc'
--   Found libutf8proc, version 3.0.0
-- Found SASL2: 2.1.28 (found suitable version "2.1.28", minimum required is "2.0") 
-- Configuring done (9.1s)
-- Generating done (0.4s)
-- Build files have been written to: /home/ubuntu/metric_ws/build/database_storage
[ 25%] [32mBuilding CXX object CMakeFiles/store_joints.dir/src/storing_joints.cpp.o[0m
[ 50%] [32mBuilding CXX object CMakeFiles/store.dir/src/store.cpp.o[0m
[ 75%] [32m[1mLinking CXX executable store_joints[0m
[100%] [32m[1mLinking CXX executable store[0m
[100%] Built target store_joints
[100%] Built target store
-- Install configuration: ""
-- Installing: /home/ubuntu/metric_ws/install/database_storage/lib/database_storage/store
-- Set non-toolchain portion of runtime path of "/home/ubuntu/metric_ws/install/database_storage/lib/database_storage/store" to ""
-- Installing: /home/ubuntu/metric_ws/install/database_storage/lib/database_storage/store_joints
-- Set non-toolchain portion of runtime path of "/home/ubuntu/metric_ws/install/database_storage/lib/database_storage/store_joints" to ""
-- Installing: /home/ubuntu/metric_ws/install/database_storage/share/database_storage/launch
-- Installing: /home/ubuntu/metric_ws/install/database_storage/share/database_storage/launch/run_benchmark.launch.py
-- Installing: /home/ubuntu/metric_ws/install/database_storage/share/ament_index/resource_index/package_run_dependencies/database_storage
-- Installing: /home/ubuntu/metric_ws/install/database_storage/share/ament_index/resource_index/parent_prefix_path/database_storage
-- Installing: /home/ubuntu/metric_ws/install/database_storage/share/database_storage/environment/ament_prefix_path.sh
-- Installing: /home/ubuntu/metric_ws/install/database_storage/share/database_storage/environment/ament_prefix_path.dsv
-- Installing: /home/ubuntu/metric_ws/install/database_storage/share/database_storage/environment/path.sh
-- Installing: /home/ubuntu/metric_ws/install/database_storage/share/database_storage/environment/path.dsv
-- Installing: /home/ubuntu/metric_ws/install/database_storage/share/database_storage/local_setup.bash
-- Installing: /home/ubuntu/metric_ws/install/database_storage/share/database_storage/local_setup.sh
-- Installing: /home/ubuntu/metric_ws/install/database_storage/share/database_storage/local_setup.zsh
-- Installing: /home/ubuntu/metric_ws/install/database_storage/share/database_storage/local_setup.dsv
-- Installing: /home/ubuntu/metric_ws/install/database_storage/share/database_storage/package.dsv
-- Installing: /home/ubuntu/metric_ws/install/database_storage/share/ament_index/resource_index/packages/database_storage
-- Installing: /home/ubuntu/metric_ws/install/database_storage/share/database_storage/cmake/database_storageConfig.cmake
-- Installing: /home/ubuntu/metric_ws/install/database_storage/share/database_storage/cmake/database_storageConfig-version.cmake
-- Installing: /home/ubuntu/metric_ws/install/database_storage/share/database_storage/package.xml
